[2022-07-16 00:13:25][ INFO ] [Main:22] Cafetera Prendida
[2022-07-16 00:13:35][ INFO ] [Main:172] Inventario agregado
[2022-07-16 00:13:38][ ERROR] [Main:74] No ingresa un numero
[2022-07-16 00:14:36][ ERROR] [Main:94] No ingresa un numero
[2022-07-16 00:14:41][ ERROR] [Main:87] Cantidad de dinero no compatible
[2022-07-16 00:14:44][ INFO ] [Main:216] Cafe con Leche vendido/a
[2022-07-16 00:14:46][ INFO ] [Main:196] Se verificó inventario
[2022-07-16 00:16:53][ INFO ] [Main:216] Cafe vendido/a
[2022-07-16 00:19:35][ INFO ] [Main:216] Cafe vendido/a
[2022-07-16 00:20:05][ INFO ] [Main:216] Cafe vendido/a
[2022-07-16 00:24:06][ ERROR] [Main:168] No ingresa un numero
[2022-07-16 00:24:08][ ERROR] [Main:163] Cantidad no compatible
[2022-07-16 00:24:12][ INFO ] [Main:172] Inventario agregado
[2022-07-16 00:24:12][ INFO ] [Main:215] Cafe vendido/a
[2022-07-16 00:24:50][ INFO ] [Main:172] Inventario agregado
[2022-07-16 00:24:50][ INFO ] [Main:215] Cafe vendido/a
[2022-07-16 00:25:22][ INFO ] [Main:172] Inventario agregado
[2022-07-16 00:25:22][ INFO ] [Main:215] Cafe vendido/a
[2022-07-16 00:25:33][ ERROR] [Main:117] No ingresa un numero
[2022-07-16 00:25:33][ ERROR] [Main:117] No ingresa un numero
[2022-07-16 00:25:33][ ERROR] [Main:117] No ingresa un numero
[2022-07-16 00:26:44][ INFO ] [Main:172] Inventario agregado
[2022-07-16 00:26:44][ INFO ] [Main:215] Cafe vendido/a
[2022-07-16 00:27:04][ INFO ] [Main:172] Inventario agregado
[2022-07-16 00:27:04][ INFO ] [Main:215] Cafe vendido/a
[2022-07-16 00:27:45][ INFO ] [Main:22] Cafetera Prendida
[2022-07-16 00:29:40][ INFO ] [Main:197] Se verificó inventario
[2022-07-16 00:29:53][ INFO ] [Main:172] Inventario agregado
[2022-07-16 00:29:53][ INFO ] [Main:218] Cafe vendido/a
[2022-07-16 00:36:57][ INFO ] [Main:197] Se verificó inventario
[2022-07-16 00:37:11][ INFO ] [Main:197] Se verificó inventario
[2022-07-16 00:37:16][ INFO ] [Main:172] Inventario agregado
[2022-07-16 00:37:29][ INFO ] [Main:197] Se verificó inventario
[2022-07-16 00:37:43][ INFO ] [Main:172] Inventario agregado
[2022-07-16 00:38:28][ INFO ] [Main:197] Se verificó inventario
[2022-07-16 00:38:32][ INFO ] [Main:172] Inventario agregado
[2022-07-16 00:38:32][ INFO ] [Main:218] Cafe con Leche vendido/a
[2022-07-16 00:46:46][ INFO ] [Main:197] Se verificó inventario
[2022-07-16 00:46:53][ INFO ] [Main:172] Inventario agregado
[2022-07-16 00:46:53][ INFO ] [Main:218] Cafe con Leche vendido/a
[2022-07-16 00:51:13][ INFO ] [Main:197] Se verificó inventario
[2022-07-16 00:51:13][ INFO ] [Main:218] Cafe con Leche vendido/a
[2022-07-16 00:51:40][ INFO ] [Main:197] Se verificó inventario
[2022-07-16 00:51:40][ INFO ] [Main:218] Cafe con Leche vendido/a
[2022-07-16 00:53:57][ INFO ] [Main:197] Se verificó inventario
[2022-07-16 00:53:57][ INFO ] [Main:218] Cafe con Leche vendido/a
[2022-07-16 00:54:50][ INFO ] [Main:197] Se verificó inventario
[2022-07-16 00:54:50][ INFO ] [Main:218] Cafe con Leche vendido/a
[2022-07-16 00:56:06][ INFO ] [Main:218] Cafe con Leche vendido/a
[2022-07-16 00:56:34][ INFO ] [Main:197] Se verificó inventario
[2022-07-16 00:56:35][ INFO ] [Main:218] Cafe con Leche vendido/a
[2022-07-16 00:56:39][ ERROR] [Main:168] No ingresa un numero
[2022-07-16 00:56:43][ ERROR] [Main:168] No ingresa un numero
[2022-07-16 00:56:45][ ERROR] [Main:163] Cantidad no compatible
[2022-07-16 00:56:49][ INFO ] [Main:172] Inventario agregado
[2022-07-16 01:22:20][ INFO ] [Main:22] Cafetera Prendida
[2022-07-16 01:22:25][ INFO ] [Main:172] Inventario agregado
[2022-07-16 01:22:26][ INFO ] [Main:197] Se verificó inventario
[2022-07-16 01:23:04][ INFO ] [Main:22] Cafetera Prendida
[2022-07-16 01:23:09][ INFO ] [Main:173] Inventario agregado
[2022-07-16 01:23:10][ INFO ] [Main:198] Se verificó inventario
[2022-07-16 01:23:22][ INFO ] [Main:22] Cafetera Prendida
[2022-07-16 01:23:27][ INFO ] [Main:173] Inventario agregado
[2022-07-16 01:23:28][ INFO ] [Main:198] Se verificó inventario
[2022-07-16 01:33:51][ INFO ] [Main:22] Cafetera Prendida
[2022-07-16 01:34:01][ INFO ] [Main:173] Inventario agregado
[2022-07-16 01:34:07][ ERROR] [Main:164] Cantidad no compatible
[2022-07-16 01:34:08][ ERROR] [Main:169] No ingresa un numero
[2022-07-16 01:34:11][ INFO ] [Main:173] Inventario agregado
[2022-07-16 01:34:12][ INFO ] [Main:198] Se verificó inventario
[2022-07-16 01:34:19][ ERROR] [Main:68] Opcion no valida
[2022-07-16 01:34:20][ ERROR] [Main:74] No ingresa un numero
[2022-07-16 01:34:22][ ERROR] [Main:87] Cantidad de dinero no compatible
[2022-07-16 01:34:23][ ERROR] [Main:94] No ingresa un numero
[2022-07-16 01:34:25][ INFO ] [Main:219] Cafe con Leche vendido/a
[2022-07-16 01:34:29][ INFO ] [Main:103] Cafetera Apagada
[2022-07-16 01:37:58][ ERROR] [Main:117] No ingresa un numero
[2022-07-16 01:37:58][ ERROR] [Main:117] No ingresa un numero
[2022-07-16 01:37:58][ ERROR] [Main:117] No ingresa un numero
[2022-07-16 01:37:58][ ERROR] [Main:117] No ingresa un numero
[2022-07-16 01:37:59][ ERROR] [Main:168] No ingresa un numero
[2022-07-16 01:37:59][ ERROR] [Main:168] No ingresa un numero
[2022-07-16 01:37:59][ ERROR] [Main:168] No ingresa un numero
[2022-07-16 01:37:59][ ERROR] [Main:168] No ingresa un numero
[2022-07-16 01:37:59][ ERROR] [Main:168] No ingresa un numero
[2022-07-16 01:37:59][ ERROR] [Main:168] No ingresa un numero
[2022-07-16 01:37:59][ ERROR] [Main:168] No ingresa un numero
[2022-07-16 01:37:59][ ERROR] [Main:168] No ingresa un numero
[2022-07-16 01:37:59][ ERROR] [Main:168] No ingresa un numero
[2022-07-16 01:37:59][ ERROR] [Main:168] No ingresa un numero
[2022-07-16 01:37:59][ ERROR] [Main:168] No ingresa un numero
[2022-07-16 01:37:59][ ERROR] [Main:168] No ingresa un numero
[2022-07-16 01:37:59][ ERROR] [Main:168] No ingresa un numero
[2022-07-16 01:38:00][ ERROR] [Main:168] No ingresa un numero
[2022-07-16 01:38:00][ ERROR] [Main:168] No ingresa un numero
[2022-07-16 01:38:00][ ERROR] [Main:168] No ingresa un numero
[2022-07-16 01:38:00][ ERROR] [Main:168] No ingresa un numero
[2022-07-16 01:38:00][ ERROR] [Main:168] No ingresa un numero
[2022-07-16 01:38:00][ ERROR] [Main:168] No ingresa un numero
[2022-07-16 01:38:00][ ERROR] [Main:168] No ingresa un numero
[2022-07-16 01:38:00][ ERROR] [Main:168] No ingresa un numero
[2022-07-16 01:38:00][ ERROR] [Main:168] No ingresa un numero
[2022-07-16 01:38:00][ ERROR] [Main:168] No ingresa un numero
[2022-07-16 01:38:00][ ERROR] [Main:168] No ingresa un numero
[2022-07-16 01:38:00][ ERROR] [Main:168] No ingresa un numero
[2022-07-16 01:38:00][ ERROR] [Main:168] No ingresa un numero
[2022-07-16 01:38:00][ ERROR] [Main:168] No ingresa un numero
[2022-07-16 01:38:00][ ERROR] [Main:168] No ingresa un numero
[2022-07-16 01:38:00][ ERROR] [Main:168] No ingresa un numero
[2022-07-16 01:38:00][ ERROR] [Main:168] No ingresa un numero
[2022-07-16 01:38:01][ ERROR] [Main:168] No ingresa un numero
[2022-07-16 01:38:01][ ERROR] [Main:168] No ingresa un numero
[2022-07-16 01:38:01][ ERROR] [Main:168] No ingresa un numero
[2022-07-16 01:38:01][ ERROR] [Main:168] No ingresa un numero
[2022-07-16 01:38:01][ ERROR] [Main:168] No ingresa un numero
[2022-07-16 01:38:01][ ERROR] [Main:168] No ingresa un numero
[2022-07-16 01:38:01][ ERROR] [Main:168] No ingresa un numero
[2022-07-16 01:38:01][ ERROR] [Main:168] No ingresa un numero
[2022-07-16 01:38:01][ ERROR] [Main:168] No ingresa un numero
[2022-07-16 01:38:01][ ERROR] [Main:168] No ingresa un numero
[2022-07-16 01:38:01][ ERROR] [Main:168] No ingresa un numero
[2022-07-16 01:38:01][ ERROR] [Main:168] No ingresa un numero
[2022-07-16 01:38:01][ ERROR] [Main:168] No ingresa un numero
[2022-07-16 01:38:01][ ERROR] [Main:168] No ingresa un numero
[2022-07-16 01:38:01][ ERROR] [Main:168] No ingresa un numero
[2022-07-16 01:38:01][ ERROR] [Main:117] No ingresa un numero
[2022-07-16 01:38:02][ ERROR] [Main:117] No ingresa un numero
[2022-07-16 01:38:02][ ERROR] [Main:117] No ingresa un numero
[2022-07-16 01:51:54][ INFO ] [Main:22] Cafetera Prendida
[2022-07-16 01:51:54][ INFO ] [Main:22] Cafetera Prendida
[2022-07-16 02:02:58][ INFO ] [Main:22] Cafetera Prendida
[2022-07-16 02:03:18][ ERROR] [Main:117] No ingresa un numero
[2022-07-16 20:03:02][ INFO ] [Main:198] Se verificó inventario
[2022-07-16 20:03:02][ INFO ] [Main:219] Cafe con Leche vendido/a
[2022-07-16 20:03:16][ INFO ] [Main:198] Se verificó inventario
[2022-07-16 20:03:16][ INFO ] [Main:219] Cafe con Leche vendido/a
[2022-07-16 20:03:22][ INFO ] [Main:173] Inventario agregado
[2022-07-16 20:03:53][ INFO ] [Main:198] Se verificó inventario
[2022-07-16 20:03:53][ INFO ] [Main:219] Cafe con Leche vendido/a
[2022-07-16 20:03:57][ INFO ] [Main:173] Inventario agregado
[2022-07-16 20:05:44][ INFO ] [Main:198] Se verificó inventario
[2022-07-16 20:05:44][ INFO ] [Main:219] Cafe con Leche vendido/a
[2022-07-16 20:05:49][ INFO ] [Main:173] Inventario agregado
[2022-07-16 20:07:43][ INFO ] [Main:198] Se verificó inventario
[2022-07-16 20:07:43][ INFO ] [Main:219] Cafe con Leche vendido/a
[2022-07-16 20:07:43][ ERROR] [Main:207] Cantidad de dinero insuficiente
[2022-07-16 20:07:50][ INFO ] [Main:173] Inventario agregado
[2022-07-16 20:09:23][ INFO ] [Main:198] Se verificó inventario
[2022-07-16 20:09:23][ INFO ] [Main:219] Cafe con Leche vendido/a
[2022-07-16 20:09:23][ ERROR] [Main:207] Cantidad de dinero insuficiente
[2022-07-16 20:09:29][ INFO ] [Main:173] Inventario agregado
[2022-07-16 20:09:52][ INFO ] [Main:198] Se verificó inventario
[2022-07-16 20:09:52][ INFO ] [Main:219] Cafe con Leche vendido/a
[2022-07-16 20:09:52][ ERROR] [Main:207] Cantidad de dinero insuficiente
[2022-07-16 20:09:57][ INFO ] [Main:173] Inventario agregado
[2022-07-16 20:10:08][ INFO ] [Main:22] Cafetera Prendida
[2022-07-16 20:10:13][ INFO ] [Main:173] Inventario agregado
[2022-07-16 20:12:35][ INFO ] [Main:198] Se verificó inventario
[2022-07-16 20:12:35][ INFO ] [Main:219] Cafe con Leche vendido/a
[2022-07-16 20:12:35][ ERROR] [Main:207] Cantidad de dinero insuficiente
[2022-07-16 20:12:35][ INFO ] [Main:223] Insumos insuficientes para preparar la bebida seleccionada
[2022-07-16 20:12:42][ ERROR] [Main:164] Cantidad no compatible
[2022-07-16 20:12:44][ ERROR] [Main:169] No ingresa un numero
[2022-07-16 20:12:47][ INFO ] [Main:173] Inventario agregado
[2022-07-16 20:14:43][ INFO ] [Main:22] Cafetera Prendida
[2022-07-16 20:14:46][ ERROR] [Main:117] No ingresa un numero
[2022-07-16 20:14:46][ ERROR] [Main:117] No ingresa un numero
[2022-07-16 20:14:46][ ERROR] [Main:117] No ingresa un numero
[2022-07-16 20:14:46][ ERROR] [Main:117] No ingresa un numero
[2022-07-16 20:14:52][ INFO ] [Main:198] Se verificó inventario
[2022-07-16 20:14:52][ INFO ] [Main:219] Cafe con Leche vendido/a
[2022-07-16 20:14:52][ ERROR] [Main:207] Cantidad de dinero insuficiente
[2022-07-16 20:14:52][ INFO ] [Main:223] Insumos insuficientes para preparar la bebida seleccionada
[2022-07-16 20:14:58][ INFO ] [Main:173] Inventario agregado
[2022-07-16 20:15:27][ INFO ] [Main:198] Se verificó inventario
[2022-07-16 20:15:27][ INFO ] [Main:219] Cafe con Leche vendido/a
[2022-07-16 20:15:27][ ERROR] [Main:207] Cantidad de dinero insuficiente
[2022-07-16 20:15:27][ INFO ] [Main:223] Insumos insuficientes para preparar la bebida seleccionada
[2022-07-16 20:15:32][ INFO ] [Main:173] Inventario agregado
[2022-07-16 20:15:53][ INFO ] [Main:198] Se verificó inventario
[2022-07-16 20:15:53][ INFO ] [Main:219] Cafe con Leche vendido/a
[2022-07-16 20:15:53][ ERROR] [Main:207] Cantidad de dinero insuficiente
[2022-07-16 20:15:53][ INFO ] [Main:223] Insumos insuficientes para preparar la bebida seleccionada
[2022-07-16 20:16:02][ INFO ] [Main:173] Inventario agregado
[2022-07-16 20:16:43][ INFO ] [Main:198] Se verificó inventario
[2022-07-16 20:16:43][ INFO ] [Main:219] Cafe con Leche vendido/a
[2022-07-16 20:16:43][ ERROR] [Main:207] Cantidad de dinero insuficiente
[2022-07-16 20:16:43][ INFO ] [Main:223] Insumos insuficientes para preparar la bebida seleccionada
[2022-07-16 20:16:47][ ERROR] [Main:169] No ingresa un numero
[2022-07-16 20:16:47][ ERROR] [Main:169] No ingresa un numero
[2022-07-16 20:16:47][ ERROR] [Main:169] No ingresa un numero
[2022-07-16 20:16:53][ INFO ] [Main:198] Se verificó inventario
[2022-07-16 20:16:53][ INFO ] [Main:219] Cafe con Leche vendido/a
[2022-07-16 20:16:53][ ERROR] [Main:207] Cantidad de dinero insuficiente
[2022-07-16 20:16:53][ INFO ] [Main:223] Insumos insuficientes para preparar la bebida seleccionada
[2022-07-16 20:16:57][ ERROR] [Main:164] Cantidad no compatible
[2022-07-16 20:16:58][ ERROR] [Main:169] No ingresa un numero
[2022-07-16 20:17:02][ INFO ] [Main:173] Inventario agregado
